<?xml version="1.0" encoding="UTF-8"?>
<!-- Generated by org.testng.reporters.JUnitReportReporter -->
<testsuite hostname="win2019" failures="0" tests="3" name="Five_url_browser_testng.five_url" time="90.679" errors="0" timestamp="2024-08-20T04:17:42 PDT" skipped="0">
  <testcase classname="Five_url_browser_testng.five_url" name="ChromeBrowserLaunch" time="28.879"/>
  <system-out/>
  <testcase classname="Five_url_browser_testng.five_url" name="EdgeBroswerLaunch" time="29.827"/>
  <system-out/>
  <testcase classname="Five_url_browser_testng.five_url" name="FirefoxBroswerLaunch" time="31.973"/>
  <system-out/>
</testsuite> <!-- Five_url_browser_testng.five_url -->
