<?xml version="1.0" encoding="UTF-8"?>
<!-- Generated by org.testng.reporters.JUnitReportReporter -->
<testsuite hostname="win2019" failures="0" tests="1" name="Browser_commands_2_TestNg.Chrome_browser_3_testng" time="5.066" errors="0" timestamp="2024-08-20T04:01:57 PDT" skipped="0">
  <testcase classname="Browser_commands_2_TestNg.Chrome_browser_3_testng" name="ChromeBrowserLaunch" time="5.066"/>
  <system-out/>
</testsuite> <!-- Browser_commands_2_TestNg.Chrome_browser_3_testng -->
